<?xml version="1.0" encoding="UTF-8"?>
<!-- Generated by org.testng.reporters.JUnitXMLReporter -->
<testsuite hostname="HYDHTC141698L" name="Test" tests="1" failures="1" timestamp="10 Dec 2018 13:14:25 GMT" time="49.892" errors="0">
  <testcase name="CreateNewCase" time="48.361" classname="testsuite.testcases.TC01_CreateNewCase">
    <failure type="java.lang.AssertionError" message="nullnull">
      <![CDATA[java.lang.AssertionError: nullnull
	at testsuite.testcases.TC01_CreateNewCase.CreateNewCase(TC01_CreateNewCase.java:127)
... Removed 26 stack frames]]>
    </failure>
  </testcase> <!-- CreateNewCase -->
</testsuite> <!-- Test -->
